<?xml version="1.0" encoding="UTF-8"?>
<testng-results ignored="0" total="1" passed="1" failed="0" skipped="0">
  <reporter-output>
  </reporter-output>
  <suite started-at="2021-07-19T20:56:05 IST" name="Default suite" finished-at="2021-07-19T20:56:18 IST" duration-ms="13202">
    <groups>
    </groups>
    <test started-at="2021-07-19T20:56:05 IST" name="Default test" finished-at="2021-07-19T20:56:18 IST" duration-ms="13202">
      <class name="stepdefs.ANZ">
        <test-method signature="i_launch_the_ANZ_Home_loans_calculators_tools()[pri:0, instance:stepdefs.ANZ@2bfc268b]" started-at="2021-07-19T20:56:05 IST" name="i_launch_the_ANZ_Home_loans_calculators_tools" finished-at="2021-07-19T20:56:18 IST" duration-ms="13161" status="PASS">
          <reporter-output>
          </reporter-output>
        </test-method> <!-- i_launch_the_ANZ_Home_loans_calculators_tools -->
      </class> <!-- stepdefs.ANZ -->
    </test> <!-- Default test -->
  </suite> <!-- Default suite -->
</testng-results>
